# JRE version: OpenJDK Runtime Environment (8.0_202-b03) (build 1.8.0_202-release-1483-b03)
# Java VM: OpenJDK 64-Bit Server VM (25.202-b03 mixed mode windows-amd64 compressed oops)
Heap:
 PSYoungGen      total 38912K, used 15189K [0x00000000e0000000, 0x00000000e3500000, 0x0000000100000000)
  eden space 23552K, 64% used [0x00000000e0000000,0x00000000e0ed54f0,0x00000000e1700000)
  from space 15360K, 0% used [0x00000000e1700000,0x00000000e1700000,0x00000000e2600000)
  to   space 15360K, 0% used [0x00000000e2600000,0x00000000e2600000,0x00000000e3500000)
 ParOldGen       total 64512K, used 28766K [0x00000000a0000000, 0x00000000a3f00000, 0x00000000e0000000)
  object space 64512K, 44% used [0x00000000a0000000,0x00000000a1c17a00,0x00000000a3f00000)
 Metaspace       used 58970K, capacity 60268K, committed 60416K, reserved 1101824K
  class space    used 7826K, capacity 8183K, committed 8192K, reserved 1048576K
GC Heap History (10 events):
Event: 42.456 GC heap before
{Heap before GC invocations=20 (full 2):
 PSYoungGen      total 38400K, used 38368K [0x00000000e0000000, 0x00000000e3480000, 0x0000000100000000)
  eden space 26112K, 100% used [0x00000000e0000000,0x00000000e1980000,0x00000000e1980000)
  from space 12288K, 99% used [0x00000000e1a00000,0x00000000e25f83a8,0x00000000e2600000)
  to   space 13824K, 0% used [0x00000000e2700000,0x00000000e2700000,0x00000000e3480000)
 ParOldGen       total 51200K, used 15467K [0x00000000a0000000, 0x00000000a3200000, 0x00000000e0000000)
  object space 51200K, 30% used [0x00000000a0000000,0x00000000a0f1ae18,0x00000000a3200000)
 Metaspace       used 52546K, capacity 53600K, committed 53760K, reserved 1095680K
  class space    used 7099K, capacity 7423K, committed 7424K, reserved 1048576K
Event: 42.465 GC heap after
Heap after GC invocations=20 (full 2):
 PSYoungGen      total 38400K, used 13312K [0x00000000e0000000, 0x00000000e3700000, 0x0000000100000000)
  eden space 24576K, 0% used [0x00000000e0000000,0x00000000e0000000,0x00000000e1800000)
  from space 13824K, 96% used [0x00000000e2700000,0x00000000e34003f8,0x00000000e3480000)
  to   space 15360K, 0% used [0x00000000e1800000,0x00000000e1800000,0x00000000e2700000)
 ParOldGen       total 51200K, used 15475K [0x00000000a0000000, 0x00000000a3200000, 0x00000000e0000000)
  object space 51200K, 30% used [0x00000000a0000000,0x00000000a0f1ce18,0x00000000a3200000)
 Metaspace       used 52546K, capacity 53600K, committed 53760K, reserved 1095680K
  class space    used 7099K, capacity 7423K, committed 7424K, reserved 1048576K
}
Event: 44.531 GC heap before
{Heap before GC invocations=21 (full 2):
 PSYoungGen      total 38400K, used 37888K [0x00000000e0000000, 0x00000000e3700000, 0x0000000100000000)
  eden space 24576K, 100% used [0x00000000e0000000,0x00000000e1800000,0x00000000e1800000)
  from space 13824K, 96% used [0x00000000e2700000,0x00000000e34003f8,0x00000000e3480000)
  to   space 15360K, 0% used [0x00000000e1800000,0x00000000e1800000,0x00000000e2700000)
 ParOldGen       total 51200K, used 15475K [0x00000000a0000000, 0x00000000a3200000, 0x00000000e0000000)
  object space 51200K, 30% used [0x00000000a0000000,0x00000000a0f1ce18,0x00000000a3200000)
 Metaspace       used 54644K, capacity 55866K, committed 55936K, reserved 1097728K
  class space    used 7430K, capacity 7770K, committed 7808K, reserved 1048576K
Event: 44.552 GC heap after
Heap after GC invocations=21 (full 2):
 PSYoungGen      total 39424K, used 11774K [0x00000000e0000000, 0x00000000e3680000, 0x0000000100000000)
  eden space 24064K, 0% used [0x00000000e0000000,0x00000000e0000000,0x00000000e1780000)
  from space 15360K, 76% used [0x00000000e1800000,0x00000000e237f830,0x00000000e2700000)
  to   space 15872K, 0% used [0x00000000e2700000,0x00000000e2700000,0x00000000e3680000)
 ParOldGen       total 51200K, used 17991K [0x00000000a0000000, 0x00000000a3200000, 0x00000000e0000000)
  object space 51200K, 35% used [0x00000000a0000000,0x00000000a1191f70,0x00000000a3200000)
 Metaspace       used 54644K, capacity 55866K, committed 55936K, reserved 1097728K
  class space    used 7430K, capacity 7770K, committed 7808K, reserved 1048576K
}
Event: 47.515 GC heap before
{Heap before GC invocations=22 (full 2):
 PSYoungGen      total 39424K, used 35838K [0x00000000e0000000, 0x00000000e3680000, 0x0000000100000000)
  eden space 24064K, 100% used [0x00000000e0000000,0x00000000e1780000,0x00000000e1780000)
  from space 15360K, 76% used [0x00000000e1800000,0x00000000e237f830,0x00000000e2700000)
  to   space 15872K, 0% used [0x00000000e2700000,0x00000000e2700000,0x00000000e3680000)
 ParOldGen       total 51200K, used 17991K [0x00000000a0000000, 0x00000000a3200000, 0x00000000e0000000)
  object space 51200K, 35% used [0x00000000a0000000,0x00000000a1191f70,0x00000000a3200000)
 Metaspace       used 55960K, capacity 57188K, committed 57472K, reserved 1099776K
  class space    used 7601K, capacity 7969K, committed 8064K, reserved 1048576K
Event: 47.525 GC heap after
Heap after GC invocations=22 (full 2):
 PSYoungGen      total 37888K, used 7440K [0x00000000e0000000, 0x00000000e3500000, 0x0000000100000000)
  eden space 23552K, 0% used [0x00000000e0000000,0x00000000e0000000,0x00000000e1700000)
  from space 14336K, 51% used [0x00000000e2700000,0x00000000e2e44200,0x00000000e3500000)
  to   space 15360K, 0% used [0x00000000e1700000,0x00000000e1700000,0x00000000e2600000)
 ParOldGen       total 51200K, used 23103K [0x00000000a0000000, 0x00000000a3200000, 0x00000000e0000000)
  object space 51200K, 45% used [0x00000000a0000000,0x00000000a168ffc0,0x00000000a3200000)
 Metaspace       used 55960K, capacity 57188K, committed 57472K, reserved 1099776K
  class space    used 7601K, capacity 7969K, committed 8064K, reserved 1048576K
}
Event: 49.101 GC heap before
{Heap before GC invocations=23 (full 2):
 PSYoungGen      total 37888K, used 25976K [0x00000000e0000000, 0x00000000e3500000, 0x0000000100000000)
  eden space 23552K, 78% used [0x00000000e0000000,0x00000000e121a160,0x00000000e1700000)
  from space 14336K, 51% used [0x00000000e2700000,0x00000000e2e44200,0x00000000e3500000)
  to   space 15360K, 0% used [0x00000000e1700000,0x00000000e1700000,0x00000000e2600000)
 ParOldGen       total 51200K, used 23103K [0x00000000a0000000, 0x00000000a3200000, 0x00000000e0000000)
  object space 51200K, 45% used [0x00000000a0000000,0x00000000a168ffc0,0x00000000a3200000)
 Metaspace       used 57732K, capacity 58918K, committed 59028K, reserved 1099776K
  class space    used 7750K, capacity 8118K, committed 8192K, reserved 1048576K
Event: 49.108 GC heap after
Heap after GC invocations=23 (full 2):
 PSYoungGen      total 38912K, used 6560K [0x00000000e0000000, 0x00000000e3500000, 0x0000000100000000)
  eden space 23552K, 0% used [0x00000000e0000000,0x00000000e0000000,0x00000000e1700000)
  from space 15360K, 42% used [0x00000000e1700000,0x00000000e1d68348,0x00000000e2600000)
  to   space 15360K, 0% used [0x00000000e2600000,0x00000000e2600000,0x00000000e3500000)
 ParOldGen       total 51200K, used 24399K [0x00000000a0000000, 0x00000000a3200000, 0x00000000e0000000)
  object space 51200K, 47% used [0x00000000a0000000,0x00000000a17d3c90,0x00000000a3200000)
 Metaspace       used 57732K, capacity 58918K, committed 59028K, reserved 1099776K
  class space    used 7750K, capacity 8118K, committed 8192K, reserved 1048576K
}
Event: 49.108 GC heap before
{Heap before GC invocations=24 (full 3):
 PSYoungGen      total 38912K, used 6560K [0x00000000e0000000, 0x00000000e3500000, 0x0000000100000000)
  eden space 23552K, 0% used [0x00000000e0000000,0x00000000e0000000,0x00000000e1700000)
  from space 15360K, 42% used [0x00000000e1700000,0x00000000e1d68348,0x00000000e2600000)
  to   space 15360K, 0% used [0x00000000e2600000,0x00000000e2600000,0x00000000e3500000)
 ParOldGen       total 51200K, used 24399K [0x00000000a0000000, 0x00000000a3200000, 0x00000000e0000000)
  object space 51200K, 47% used [0x00000000a0000000,0x00000000a17d3c90,0x00000000a3200000)
 Metaspace       used 57732K, capacity 58918K, committed 59028K, reserved 1099776K
  class space    used 7750K, capacity 8118K, committed 8192K, reserved 1048576K
Event: 49.276 GC heap after
Heap after GC invocations=24 (full 3):
 PSYoungGen      total 38912K, used 0K [0x00000000e0000000, 0x00000000e3500000, 0x0000000100000000)
  eden space 23552K, 0% used [0x00000000e0000000,0x00000000e0000000,0x00000000e1700000)
  from space 15360K, 0% used [0x00000000e1700000,0x00000000e1700000,0x00000000e2600000)
  to   space 15360K, 0% used [0x00000000e2600000,0x00000000e2600000,0x00000000e3500000)
 ParOldGen       total 64512K, used 28766K [0x00000000a0000000, 0x00000000a3f00000, 0x00000000e0000000)
  object space 64512K, 44% used [0x00000000a0000000,0x00000000a1c17a00,0x00000000a3f00000)
 Metaspace       used 57732K, capacity 58918K, committed 59028K, reserved 1099776K
  class space    used 7750K, capacity 8118K, committed 8192K, reserved 1048576K
}

